<?xml version="1.0" encoding="UTF-8"?>
<!-- Generated by org.testng.reporters.JUnitXMLReporter -->
<testsuite ignored="0" hostname="LAPTOP-P6ESQ0G5" failures="1" tests="3" name="Test" time="15.345" errors="0" timestamp="2023-05-10T12:02:52 IST">
  <testcase classname="Actionss.Register" name="geturl" time="0.043"/>
  <testcase classname="Actionss.Register" name="regi" time="4.087"/>
  <testcase classname="Actionss.Register" name="title" time="0.041">
    <failure type="java.lang.AssertionError" message="expected [true] but found [false]">
      <![CDATA[java.lang.AssertionError: expected [true] but found [false]
at Actionss.Register.title(Register.java:41)
at java.base/java.util.ArrayList.forEach(ArrayList.java:1511)
... Removed 31 stack frames]]>
    </failure>
  </testcase> <!-- title -->
</testsuite> <!-- Test -->
